<?xml version="1.0" encoding="UTF-8"?>
<!-- Generated by org.testng.reporters.JUnitXMLReporter -->
<testsuite ignored="29" hostname="vund30992" failures="0" tests="122" name="Default test" time="0.441" errors="0" timestamp="19 Jul 2023 08:38:52 GMT">
  <testcase classname="com.nopcommerce.common.Common_01_Register_Cookie" name="@BeforeTest Register" time="0.0">
    <failure type="org.testng.TestNGException" message="
Parameter &amp;apos;browser&amp;apos; is required by BeforeTest on method Register but has not been marked @Optional or defined
in C:\Users\WELCOME\AppData\Local\Temp\testng-eclipse-2115595371\testng-customsuite.xml">
      <![CDATA[org.testng.TestNGException: 
Parameter 'browser' is required by BeforeTest on method Register but has not been marked @Optional or defined
in C:\Users\WELCOME\AppData\Local\Temp\testng-eclipse-2115595371\testng-customsuite.xml
at org.testng.internal.Parameters.createParams(Parameters.java:290)
at org.testng.internal.Parameters.createParametersForMethod(Parameters.java:359)
at org.testng.internal.Parameters.createParameters(Parameters.java:620)
at org.testng.internal.Parameters.createConfigurationParameters(Parameters.java:190)
at org.testng.internal.Invoker.invokeConfigurations(Invoker.java:209)
at org.testng.internal.Invoker.invokeConfigurations(Invoker.java:142)
at org.testng.TestRunner.beforeRun(TestRunner.java:529)
at org.testng.TestRunner.run(TestRunner.java:497)
at org.testng.SuiteRunner.runTest(SuiteRunner.java:455)
at org.testng.SuiteRunner.runSequentially(SuiteRunner.java:450)
at org.testng.SuiteRunner.privateRun(SuiteRunner.java:415)
at org.testng.SuiteRunner.run(SuiteRunner.java:364)
at org.testng.SuiteRunnerWorker.runSuite(SuiteRunnerWorker.java:52)
at org.testng.SuiteRunnerWorker.run(SuiteRunnerWorker.java:84)
at org.testng.TestNG.runSuitesSequentially(TestNG.java:1208)
at org.testng.TestNG.runSuitesLocally(TestNG.java:1137)
at org.testng.TestNG.runSuites(TestNG.java:1049)
at org.testng.TestNG.run(TestNG.java:1017)
at org.testng.remote.AbstractRemoteTestNG.run(AbstractRemoteTestNG.java:115)
at org.testng.remote.RemoteTestNG.initAndRun(RemoteTestNG.java:251)
at org.testng.remote.RemoteTestNG.main(RemoteTestNG.java:77)
]]>
    </failure>
  </testcase> <!-- @BeforeTest Register -->
  <testcase classname="com.nopcommerce.common.Common_01_Register_End_User" name="@BeforeTest Register" time="0.0">
    <skipped/>
  </testcase> <!-- @BeforeTest Register -->
  <testcase classname="com.nopcommerce.user.Level_03_Page_Object_02_Login" name="@BeforeClass beforeClass" time="0.0">
    <skipped/>
  </testcase> <!-- @BeforeClass beforeClass -->
  <testcase classname="com.nopcommerce.user.Level_03_Page_Object_02_Login" name="@AfterClass afterClass" time="0.0">
    <skipped/>
  </testcase> <!-- @AfterClass afterClass -->
  <testcase classname="com.nopcommerce.user.Level_06_Page_Generator_Manager_II" name="@BeforeClass beforeClass" time="0.0">
    <skipped/>
  </testcase> <!-- @BeforeClass beforeClass -->
  <testcase classname="com.nopcommerce.user.Level_06_Page_Generator_Manager_II" name="@AfterClass afterClass" time="0.0">
    <skipped/>
  </testcase> <!-- @AfterClass afterClass -->
  <testcase classname="com.saucelab.sort.Level_19_Sort_Asc_Desc" name="@BeforeClass beforeClass" time="0.0">
    <skipped/>
  </testcase> <!-- @BeforeClass beforeClass -->
  <testcase classname="com.saucelab.sort.Level_19_Sort_Asc_Desc" name="@AfterClass afterClass" time="0.001">
    <failure type="java.lang.NullPointerException">
      <![CDATA[java.lang.NullPointerException
at java.base/java.lang.Runtime.exec(Runtime.java:406)
at java.base/java.lang.Runtime.exec(Runtime.java:310)
at commons.BaseTest.closeBrowserDriver(BaseTest.java:344)
at com.saucelab.sort.Level_19_Sort_Asc_Desc.afterClass(Level_19_Sort_Asc_Desc.java:71)
at java.base/jdk.internal.reflect.NativeMethodAccessorImpl.invoke0(Native Method)
at java.base/jdk.internal.reflect.NativeMethodAccessorImpl.invoke(NativeMethodAccessorImpl.java:62)
at java.base/jdk.internal.reflect.DelegatingMethodAccessorImpl.invoke(DelegatingMethodAccessorImpl.java:43)
at java.base/java.lang.reflect.Method.invoke(Method.java:566)
at org.testng.internal.MethodInvocationHelper.invokeMethod(MethodInvocationHelper.java:124)
at org.testng.internal.MethodInvocationHelper.invokeMethodConsideringTimeout(MethodInvocationHelper.java:59)
at org.testng.internal.Invoker.invokeConfigurationMethod(Invoker.java:458)
at org.testng.internal.Invoker.invokeConfigurations(Invoker.java:222)
at org.testng.internal.Invoker.invokeConfigurations(Invoker.java:142)
at org.testng.internal.TestMethodWorker.invokeAfterClassMethods(TestMethodWorker.java:214)
at org.testng.internal.TestMethodWorker.run(TestMethodWorker.java:111)
at org.testng.TestRunner.privateRun(TestRunner.java:648)
at org.testng.TestRunner.run(TestRunner.java:505)
at org.testng.SuiteRunner.runTest(SuiteRunner.java:455)
at org.testng.SuiteRunner.runSequentially(SuiteRunner.java:450)
at org.testng.SuiteRunner.privateRun(SuiteRunner.java:415)
at org.testng.SuiteRunner.run(SuiteRunner.java:364)
at org.testng.SuiteRunnerWorker.runSuite(SuiteRunnerWorker.java:52)
at org.testng.SuiteRunnerWorker.run(SuiteRunnerWorker.java:84)
at org.testng.TestNG.runSuitesSequentially(TestNG.java:1208)
at org.testng.TestNG.runSuitesLocally(TestNG.java:1137)
at org.testng.TestNG.runSuites(TestNG.java:1049)
at org.testng.TestNG.run(TestNG.java:1017)
at org.testng.remote.AbstractRemoteTestNG.run(AbstractRemoteTestNG.java:115)
at org.testng.remote.RemoteTestNG.initAndRun(RemoteTestNG.java:251)
at org.testng.remote.RemoteTestNG.main(RemoteTestNG.java:77)
]]>
    </failure>
  </testcase> <!-- @AfterClass afterClass -->
  <testcase classname="com.nopcommerce.user.Level_15_ExtentV3_Screenshot" name="@BeforeClass beforeClass" time="0.0">
    <skipped/>
  </testcase> <!-- @BeforeClass beforeClass -->
  <testcase classname="com.nopcommerce.user.Level_15_ExtentV3_Screenshot" name="@AfterClass afterClass" time="0.0">
    <skipped/>
  </testcase> <!-- @AfterClass afterClass -->
  <testcase classname="com.wordpress.admin.Post_01_Create_Read_Update_Delete_Search" name="@BeforeClass beforeClass" time="0.0">
    <skipped/>
  </testcase> <!-- @BeforeClass beforeClass -->
  <testcase classname="com.wordpress.admin.Post_01_Create_Read_Update_Delete_Search" name="@AfterClass afterClass" time="0.0">
    <failure type="java.lang.NullPointerException">
      <![CDATA[java.lang.NullPointerException
at java.base/java.lang.Runtime.exec(Runtime.java:406)
at java.base/java.lang.Runtime.exec(Runtime.java:310)
at commons.BaseTest.closeBrowserDriver(BaseTest.java:344)
at com.wordpress.admin.Post_01_Create_Read_Update_Delete_Search.afterClass(Post_01_Create_Read_Update_Delete_Search.java:255)
at java.base/jdk.internal.reflect.NativeMethodAccessorImpl.invoke0(Native Method)
at java.base/jdk.internal.reflect.NativeMethodAccessorImpl.invoke(NativeMethodAccessorImpl.java:62)
at java.base/jdk.internal.reflect.DelegatingMethodAccessorImpl.invoke(DelegatingMethodAccessorImpl.java:43)
at java.base/java.lang.reflect.Method.invoke(Method.java:566)
at org.testng.internal.MethodInvocationHelper.invokeMethod(MethodInvocationHelper.java:124)
at org.testng.internal.MethodInvocationHelper.invokeMethodConsideringTimeout(MethodInvocationHelper.java:59)
at org.testng.internal.Invoker.invokeConfigurationMethod(Invoker.java:458)
at org.testng.internal.Invoker.invokeConfigurations(Invoker.java:222)
at org.testng.internal.Invoker.invokeConfigurations(Invoker.java:142)
at org.testng.internal.TestMethodWorker.invokeAfterClassMethods(TestMethodWorker.java:214)
at org.testng.internal.TestMethodWorker.run(TestMethodWorker.java:111)
at org.testng.TestRunner.privateRun(TestRunner.java:648)
at org.testng.TestRunner.run(TestRunner.java:505)
at org.testng.SuiteRunner.runTest(SuiteRunner.java:455)
at org.testng.SuiteRunner.runSequentially(SuiteRunner.java:450)
at org.testng.SuiteRunner.privateRun(SuiteRunner.java:415)
at org.testng.SuiteRunner.run(SuiteRunner.java:364)
at org.testng.SuiteRunnerWorker.runSuite(SuiteRunnerWorker.java:52)
at org.testng.SuiteRunnerWorker.run(SuiteRunnerWorker.java:84)
at org.testng.TestNG.runSuitesSequentially(TestNG.java:1208)
at org.testng.TestNG.runSuitesLocally(TestNG.java:1137)
at org.testng.TestNG.runSuites(TestNG.java:1049)
at org.testng.TestNG.run(TestNG.java:1017)
at org.testng.remote.AbstractRemoteTestNG.run(AbstractRemoteTestNG.java:115)
at org.testng.remote.RemoteTestNG.initAndRun(RemoteTestNG.java:251)
at org.testng.remote.RemoteTestNG.main(RemoteTestNG.java:77)
]]>
    </failure>
  </testcase> <!-- @AfterClass afterClass -->
  <testcase classname="com.nopcommerce.user.Level_06_Page_Generator_Manager_III" name="@BeforeClass beforeClass" time="0.0">
    <skipped/>
  </testcase> <!-- @BeforeClass beforeClass -->
  <testcase classname="com.nopcommerce.user.Level_06_Page_Generator_Manager_III" name="@AfterClass afterClass" time="0.0">
    <skipped/>
  </testcase> <!-- @AfterClass afterClass -->
  <testcase classname="com.nopcommerce.user.Level_07_Switch_Page" name="@BeforeClass beforeClass" time="0.0">
    <skipped/>
  </testcase> <!-- @BeforeClass beforeClass -->
  <testcase classname="com.nopcommerce.user.Level_07_Switch_Page" name="@AfterClass afterClass" time="0.0">
    <skipped/>
  </testcase> <!-- @AfterClass afterClass -->
  <testcase classname="com.nopcommerce.user.Level_16_Share_Data_C" name="@BeforeClass beforeClass" time="0.0">
    <skipped/>
  </testcase> <!-- @BeforeClass beforeClass -->
  <testcase classname="com.nopcommerce.user.Level_16_Share_Data_C" name="@AfterClass afterClass" time="0.0">
    <skipped/>
  </testcase> <!-- @AfterClass afterClass -->
  <testcase classname="com.jquery.datatable.Level_10_Datatable_DataGrid" name="@BeforeClass beforeClass" time="0.0">
    <skipped/>
  </testcase> <!-- @BeforeClass beforeClass -->
  <testcase classname="com.nopcommerce.user.Level_09_Dynamic_Locator" name="@BeforeClass beforeClass" time="0.0">
    <skipped/>
  </testcase> <!-- @BeforeClass beforeClass -->
  <testcase classname="com.nopcommerce.user.Level_09_Dynamic_Locator" name="@AfterClass afterClass" time="0.0">
    <skipped/>
  </testcase> <!-- @AfterClass afterClass -->
  <testcase classname="com.nopcommerce.user.Level_04_Multiple_Browser" name="@BeforeClass beforeClass" time="0.0">
    <skipped/>
  </testcase> <!-- @BeforeClass beforeClass -->
  <testcase classname="com.nopcommerce.user.Level_04_Multiple_Browser" name="@AfterClass afterClass" time="0.0">
    <skipped/>
  </testcase> <!-- @AfterClass afterClass -->
  <testcase classname="com.nopcommerce.user.Level_14_Log_ReportNG" name="@BeforeClass beforeClass" time="0.0">
    <skipped/>
  </testcase> <!-- @BeforeClass beforeClass -->
  <testcase classname="com.nopcommerce.user.Level_14_Log_ReportNG" name="@AfterClass afterClass" time="0.0">
    <skipped/>
  </testcase> <!-- @AfterClass afterClass -->
  <testcase classname="com.nopcommerce.user.Level_15_ReportNG_Screenshot" name="@BeforeClass beforeClass" time="0.0">
    <skipped/>
  </testcase> <!-- @BeforeClass beforeClass -->
  <testcase classname="com.nopcommerce.user.Level_15_ReportNG_Screenshot" name="@AfterClass afterClass" time="0.0">
    <skipped/>
  </testcase> <!-- @AfterClass afterClass -->
  <testcase classname="com.nopcommerce.user.Level_17_Custom_Close_Driver" name="@BeforeClass beforeClass" time="0.0">
    <skipped/>
  </testcase> <!-- @BeforeClass beforeClass -->
  <testcase classname="com.nopcommerce.user.Level_17_Custom_Close_Driver" name="@AfterClass afterClass" time="0.001">
    <failure type="java.lang.NullPointerException">
      <![CDATA[java.lang.NullPointerException
at java.base/java.lang.Runtime.exec(Runtime.java:406)
at java.base/java.lang.Runtime.exec(Runtime.java:310)
at commons.BaseTest.closeBrowserDriver(BaseTest.java:344)
at com.nopcommerce.user.Level_17_Custom_Close_Driver.afterClass(Level_17_Custom_Close_Driver.java:98)
at java.base/jdk.internal.reflect.NativeMethodAccessorImpl.invoke0(Native Method)
at java.base/jdk.internal.reflect.NativeMethodAccessorImpl.invoke(NativeMethodAccessorImpl.java:62)
at java.base/jdk.internal.reflect.DelegatingMethodAccessorImpl.invoke(DelegatingMethodAccessorImpl.java:43)
at java.base/java.lang.reflect.Method.invoke(Method.java:566)
at org.testng.internal.MethodInvocationHelper.invokeMethod(MethodInvocationHelper.java:124)
at org.testng.internal.MethodInvocationHelper.invokeMethodConsideringTimeout(MethodInvocationHelper.java:59)
at org.testng.internal.Invoker.invokeConfigurationMethod(Invoker.java:458)
at org.testng.internal.Invoker.invokeConfigurations(Invoker.java:222)
at org.testng.internal.Invoker.invokeConfigurations(Invoker.java:142)
at org.testng.internal.TestMethodWorker.invokeAfterClassMethods(TestMethodWorker.java:214)
at org.testng.internal.TestMethodWorker.run(TestMethodWorker.java:111)
at org.testng.TestRunner.privateRun(TestRunner.java:648)
at org.testng.TestRunner.run(TestRunner.java:505)
at org.testng.SuiteRunner.runTest(SuiteRunner.java:455)
at org.testng.SuiteRunner.runSequentially(SuiteRunner.java:450)
at org.testng.SuiteRunner.privateRun(SuiteRunner.java:415)
at org.testng.SuiteRunner.run(SuiteRunner.java:364)
at org.testng.SuiteRunnerWorker.runSuite(SuiteRunnerWorker.java:52)
at org.testng.SuiteRunnerWorker.run(SuiteRunnerWorker.java:84)
at org.testng.TestNG.runSuitesSequentially(TestNG.java:1208)
at org.testng.TestNG.runSuitesLocally(TestNG.java:1137)
at org.testng.TestNG.runSuites(TestNG.java:1049)
at org.testng.TestNG.run(TestNG.java:1017)
at org.testng.remote.AbstractRemoteTestNG.run(AbstractRemoteTestNG.java:115)
at org.testng.remote.RemoteTestNG.initAndRun(RemoteTestNG.java:251)
at org.testng.remote.RemoteTestNG.main(RemoteTestNG.java:77)
]]>
    </failure>
  </testcase> <!-- @AfterClass afterClass -->
  <testcase classname="com.nopcommerce.user.Level_02_Apply_BasePage_I" name="@BeforeClass beforeClass" time="0.0">
    <skipped/>
  </testcase> <!-- @BeforeClass beforeClass -->
  <testcase classname="com.nopcommerce.user.Level_02_Apply_BasePage_I" name="@AfterClass afterClass" time="0.0">
    <skipped/>
  </testcase> <!-- @AfterClass afterClass -->
  <testcase classname="com.jquery.datatable.Level_11_Upload_Files" name="@BeforeClass beforeClass" time="0.0">
    <skipped/>
  </testcase> <!-- @BeforeClass beforeClass -->
  <testcase classname="com.jquery.datatable.Level_11_Upload_Files" name="@AfterClass afterClass" time="0.0">
    <skipped/>
  </testcase> <!-- @AfterClass afterClass -->
  <testcase classname="com.nopcommerce.user.Level_15_Allure" name="@BeforeClass beforeClass" time="0.0">
    <skipped/>
  </testcase> <!-- @BeforeClass beforeClass -->
  <testcase classname="com.nopcommerce.user.Level_15_Allure" name="@AfterClass afterClass" time="0.0">
    <skipped/>
  </testcase> <!-- @AfterClass afterClass -->
  <testcase classname="com.nopcommerce.user.Level_15_ExtentV5_Screenshot" name="@BeforeClass beforeClass" time="0.0">
    <skipped/>
  </testcase> <!-- @BeforeClass beforeClass -->
  <testcase classname="com.nopcommerce.user.Level_15_ExtentV5_Screenshot" name="@AfterClass afterClass" time="0.0">
    <skipped/>
  </testcase> <!-- @AfterClass afterClass -->
  <testcase classname="com.nopcommerce.user.Level_02_Apply_BasePage_II" name="@BeforeClass beforeClass" time="0.0">
    <skipped/>
  </testcase> <!-- @BeforeClass beforeClass -->
  <testcase classname="com.nopcommerce.user.Level_02_Apply_BasePage_II" name="@AfterClass afterClass" time="0.0">
    <skipped/>
  </testcase> <!-- @AfterClass afterClass -->
  <testcase classname="com.nopcommerce.user.Level_20_Manage_Data_Part_I" name="@BeforeClass beforeClass" time="0.0">
    <skipped/>
  </testcase> <!-- @BeforeClass beforeClass -->
  <testcase classname="com.nopcommerce.user.Level_20_Manage_Data_Part_I" name="@AfterClass afterClass" time="0.0">
    <failure type="java.lang.NullPointerException">
      <![CDATA[java.lang.NullPointerException
at java.base/java.lang.Runtime.exec(Runtime.java:406)
at java.base/java.lang.Runtime.exec(Runtime.java:310)
at commons.BaseTest.closeBrowserDriver(BaseTest.java:344)
at com.nopcommerce.user.Level_20_Manage_Data_Part_I.afterClass(Level_20_Manage_Data_Part_I.java:132)
at java.base/jdk.internal.reflect.NativeMethodAccessorImpl.invoke0(Native Method)
at java.base/jdk.internal.reflect.NativeMethodAccessorImpl.invoke(NativeMethodAccessorImpl.java:62)
at java.base/jdk.internal.reflect.DelegatingMethodAccessorImpl.invoke(DelegatingMethodAccessorImpl.java:43)
at java.base/java.lang.reflect.Method.invoke(Method.java:566)
at org.testng.internal.MethodInvocationHelper.invokeMethod(MethodInvocationHelper.java:124)
at org.testng.internal.MethodInvocationHelper.invokeMethodConsideringTimeout(MethodInvocationHelper.java:59)
at org.testng.internal.Invoker.invokeConfigurationMethod(Invoker.java:458)
at org.testng.internal.Invoker.invokeConfigurations(Invoker.java:222)
at org.testng.internal.Invoker.invokeConfigurations(Invoker.java:142)
at org.testng.internal.TestMethodWorker.invokeAfterClassMethods(TestMethodWorker.java:214)
at org.testng.internal.TestMethodWorker.run(TestMethodWorker.java:111)
at org.testng.TestRunner.privateRun(TestRunner.java:648)
at org.testng.TestRunner.run(TestRunner.java:505)
at org.testng.SuiteRunner.runTest(SuiteRunner.java:455)
at org.testng.SuiteRunner.runSequentially(SuiteRunner.java:450)
at org.testng.SuiteRunner.privateRun(SuiteRunner.java:415)
at org.testng.SuiteRunner.run(SuiteRunner.java:364)
at org.testng.SuiteRunnerWorker.runSuite(SuiteRunnerWorker.java:52)
at org.testng.SuiteRunnerWorker.run(SuiteRunnerWorker.java:84)
at org.testng.TestNG.runSuitesSequentially(TestNG.java:1208)
at org.testng.TestNG.runSuitesLocally(TestNG.java:1137)
at org.testng.TestNG.runSuites(TestNG.java:1049)
at org.testng.TestNG.run(TestNG.java:1017)
at org.testng.remote.AbstractRemoteTestNG.run(AbstractRemoteTestNG.java:115)
at org.testng.remote.RemoteTestNG.initAndRun(RemoteTestNG.java:251)
at org.testng.remote.RemoteTestNG.main(RemoteTestNG.java:77)
]]>
    </failure>
  </testcase> <!-- @AfterClass afterClass -->
  <testcase classname="com.nopcommerce.user.Level_18_Pattern_Object" name="@BeforeClass beforeClass" time="0.0">
    <skipped/>
  </testcase> <!-- @BeforeClass beforeClass -->
  <testcase classname="com.nopcommerce.user.Level_18_Pattern_Object" name="@AfterClass afterClass" time="0.001">
    <failure type="java.lang.NullPointerException">
      <![CDATA[java.lang.NullPointerException
at java.base/java.lang.Runtime.exec(Runtime.java:406)
at java.base/java.lang.Runtime.exec(Runtime.java:310)
at commons.BaseTest.closeBrowserDriver(BaseTest.java:344)
at com.nopcommerce.user.Level_18_Pattern_Object.afterClass(Level_18_Pattern_Object.java:129)
at java.base/jdk.internal.reflect.NativeMethodAccessorImpl.invoke0(Native Method)
at java.base/jdk.internal.reflect.NativeMethodAccessorImpl.invoke(NativeMethodAccessorImpl.java:62)
at java.base/jdk.internal.reflect.DelegatingMethodAccessorImpl.invoke(DelegatingMethodAccessorImpl.java:43)
at java.base/java.lang.reflect.Method.invoke(Method.java:566)
at org.testng.internal.MethodInvocationHelper.invokeMethod(MethodInvocationHelper.java:124)
at org.testng.internal.MethodInvocationHelper.invokeMethodConsideringTimeout(MethodInvocationHelper.java:59)
at org.testng.internal.Invoker.invokeConfigurationMethod(Invoker.java:458)
at org.testng.internal.Invoker.invokeConfigurations(Invoker.java:222)
at org.testng.internal.Invoker.invokeConfigurations(Invoker.java:142)
at org.testng.internal.TestMethodWorker.invokeAfterClassMethods(TestMethodWorker.java:214)
at org.testng.internal.TestMethodWorker.run(TestMethodWorker.java:111)
at org.testng.TestRunner.privateRun(TestRunner.java:648)
at org.testng.TestRunner.run(TestRunner.java:505)
at org.testng.SuiteRunner.runTest(SuiteRunner.java:455)
at org.testng.SuiteRunner.runSequentially(SuiteRunner.java:450)
at org.testng.SuiteRunner.privateRun(SuiteRunner.java:415)
at org.testng.SuiteRunner.run(SuiteRunner.java:364)
at org.testng.SuiteRunnerWorker.runSuite(SuiteRunnerWorker.java:52)
at org.testng.SuiteRunnerWorker.run(SuiteRunnerWorker.java:84)
at org.testng.TestNG.runSuitesSequentially(TestNG.java:1208)
at org.testng.TestNG.runSuitesLocally(TestNG.java:1137)
at org.testng.TestNG.runSuites(TestNG.java:1049)
at org.testng.TestNG.run(TestNG.java:1017)
at org.testng.remote.AbstractRemoteTestNG.run(AbstractRemoteTestNG.java:115)
at org.testng.remote.RemoteTestNG.initAndRun(RemoteTestNG.java:251)
at org.testng.remote.RemoteTestNG.main(RemoteTestNG.java:77)
]]>
    </failure>
  </testcase> <!-- @AfterClass afterClass -->
  <testcase classname="com.nopcommerce.user.Level_03_Page_Object_01_Register" name="@BeforeClass beforeClass" time="0.0">
    <skipped/>
  </testcase> <!-- @BeforeClass beforeClass -->
  <testcase classname="com.nopcommerce.user.Level_03_Page_Object_01_Register" name="@AfterClass afterClass" time="0.0">
    <skipped/>
  </testcase> <!-- @AfterClass afterClass -->
  <testcase classname="com.nopcommerce.user.Level_15_ExtentV2_Screenshot" name="@BeforeClass beforeClass" time="0.0">
    <skipped/>
  </testcase> <!-- @BeforeClass beforeClass -->
  <testcase classname="com.nopcommerce.user.Level_15_ExtentV2_Screenshot" name="@AfterClass afterClass" time="0.0">
    <skipped/>
  </testcase> <!-- @AfterClass afterClass -->
  <testcase classname="com.nopcommerce.user.Level_16_Share_Data_B" name="@BeforeClass beforeClass" time="0.0">
    <skipped/>
  </testcase> <!-- @BeforeClass beforeClass -->
  <testcase classname="com.nopcommerce.user.Level_16_Share_Data_B" name="@AfterClass afterClass" time="0.0">
    <skipped/>
  </testcase> <!-- @AfterClass afterClass -->
  <testcase classname="com.nopcommerce.user.Level_06_Page_Generator_Manager_I" name="@BeforeClass beforeClass" time="0.0">
    <skipped/>
  </testcase> <!-- @BeforeClass beforeClass -->
  <testcase classname="com.nopcommerce.user.Level_06_Page_Generator_Manager_I" name="@AfterClass afterClass" time="0.0">
    <skipped/>
  </testcase> <!-- @AfterClass afterClass -->
  <testcase classname="com.nopcommerce.user.Level_20_Manage_Data_Part_III" name="@BeforeClass beforeClass" time="0.0">
    <skipped/>
  </testcase> <!-- @BeforeClass beforeClass -->
  <testcase classname="com.nopcommerce.user.Level_20_Manage_Data_Part_III" name="@AfterClass afterClass" time="0.0">
    <failure type="java.lang.NullPointerException">
      <![CDATA[java.lang.NullPointerException
at java.base/java.lang.Runtime.exec(Runtime.java:406)
at java.base/java.lang.Runtime.exec(Runtime.java:310)
at commons.BaseTest.closeBrowserDriver(BaseTest.java:344)
at com.nopcommerce.user.Level_20_Manage_Data_Part_III.afterClass(Level_20_Manage_Data_Part_III.java:132)
at java.base/jdk.internal.reflect.NativeMethodAccessorImpl.invoke0(Native Method)
at java.base/jdk.internal.reflect.NativeMethodAccessorImpl.invoke(NativeMethodAccessorImpl.java:62)
at java.base/jdk.internal.reflect.DelegatingMethodAccessorImpl.invoke(DelegatingMethodAccessorImpl.java:43)
at java.base/java.lang.reflect.Method.invoke(Method.java:566)
at org.testng.internal.MethodInvocationHelper.invokeMethod(MethodInvocationHelper.java:124)
at org.testng.internal.MethodInvocationHelper.invokeMethodConsideringTimeout(MethodInvocationHelper.java:59)
at org.testng.internal.Invoker.invokeConfigurationMethod(Invoker.java:458)
at org.testng.internal.Invoker.invokeConfigurations(Invoker.java:222)
at org.testng.internal.Invoker.invokeConfigurations(Invoker.java:142)
at org.testng.internal.TestMethodWorker.invokeAfterClassMethods(TestMethodWorker.java:214)
at org.testng.internal.TestMethodWorker.run(TestMethodWorker.java:111)
at org.testng.TestRunner.privateRun(TestRunner.java:648)
at org.testng.TestRunner.run(TestRunner.java:505)
at org.testng.SuiteRunner.runTest(SuiteRunner.java:455)
at org.testng.SuiteRunner.runSequentially(SuiteRunner.java:450)
at org.testng.SuiteRunner.privateRun(SuiteRunner.java:415)
at org.testng.SuiteRunner.run(SuiteRunner.java:364)
at org.testng.SuiteRunnerWorker.runSuite(SuiteRunnerWorker.java:52)
at org.testng.SuiteRunnerWorker.run(SuiteRunnerWorker.java:84)
at org.testng.TestNG.runSuitesSequentially(TestNG.java:1208)
at org.testng.TestNG.runSuitesLocally(TestNG.java:1137)
at org.testng.TestNG.runSuites(TestNG.java:1049)
at org.testng.TestNG.run(TestNG.java:1017)
at org.testng.remote.AbstractRemoteTestNG.run(AbstractRemoteTestNG.java:115)
at org.testng.remote.RemoteTestNG.initAndRun(RemoteTestNG.java:251)
at org.testng.remote.RemoteTestNG.main(RemoteTestNG.java:77)
]]>
    </failure>
  </testcase> <!-- @AfterClass afterClass -->
  <testcase classname="com.nopcommerce.user.Level_08_Switch_Role" name="@BeforeClass beforeClass" time="0.0">
    <skipped/>
  </testcase> <!-- @BeforeClass beforeClass -->
  <testcase classname="com.nopcommerce.user.Level_08_Switch_Role" name="@AfterClass afterClass" time="0.0">
    <skipped/>
  </testcase> <!-- @AfterClass afterClass -->
  <testcase classname="com.nopcommerce.user.Level_01_Register_DRY" name="@BeforeClass beforeClass" time="0.0">
    <skipped/>
  </testcase> <!-- @BeforeClass beforeClass -->
  <testcase classname="com.nopcommerce.user.Level_01_Register_DRY" name="@AfterClass afterClass" time="0.0">
    <skipped/>
  </testcase> <!-- @AfterClass afterClass -->
  <testcase classname="com.facebook.register.Level_13_Element_Undisplayed" name="@BeforeClass beforeClass" time="0.0">
    <skipped/>
  </testcase> <!-- @BeforeClass beforeClass -->
  <testcase classname="com.facebook.register.Level_13_Element_Undisplayed" name="@AfterClass afterClass" time="0.0">
    <skipped/>
  </testcase> <!-- @AfterClass afterClass -->
  <testcase classname="com.nopcommerce.user.Level_02_Apply_BasePage_III" name="@BeforeClass beforeClass" time="0.0">
    <skipped/>
  </testcase> <!-- @BeforeClass beforeClass -->
  <testcase classname="com.nopcommerce.user.Level_02_Apply_BasePage_III" name="@AfterClass afterClass" time="0.0">
    <skipped/>
  </testcase> <!-- @AfterClass afterClass -->
  <testcase classname="com.nopcommerce.user.Level_16_Share_Data_A" name="@BeforeClass beforeClass" time="0.0">
    <skipped/>
  </testcase> <!-- @BeforeClass beforeClass -->
  <testcase classname="com.nopcommerce.user.Level_16_Share_Data_A" name="@AfterClass afterClass" time="0.0">
    <skipped/>
  </testcase> <!-- @AfterClass afterClass -->
  <testcase classname="com.nopcommerce.user.Level_12_Assert_Verify" name="@BeforeClass beforeClass" time="0.0">
    <skipped/>
  </testcase> <!-- @BeforeClass beforeClass -->
  <testcase classname="com.nopcommerce.user.Level_12_Assert_Verify" name="@AfterClass afterClass" time="0.0">
    <skipped/>
  </testcase> <!-- @AfterClass afterClass -->
  <testcase classname="com.nopcommerce.user.Level_03_Page_Object_02_Login" name="Login_01_Empty_Data" time="0.0">
    <skipped/>
  </testcase> <!-- Login_01_Empty_Data -->
  <testcase classname="com.nopcommerce.user.Level_03_Page_Object_02_Login" name="Login_02_Invalid_Email" time="0.0">
    <skipped/>
  </testcase> <!-- Login_02_Invalid_Email -->
  <testcase classname="com.nopcommerce.user.Level_03_Page_Object_02_Login" name="Login_03_Email_Not_Found" time="0.0">
    <skipped/>
  </testcase> <!-- Login_03_Email_Not_Found -->
  <testcase classname="com.nopcommerce.user.Level_03_Page_Object_02_Login" name="Login_04_Existing_Email_Empty_Password" time="0.0">
    <skipped/>
  </testcase> <!-- Login_04_Existing_Email_Empty_Password -->
  <testcase classname="com.nopcommerce.user.Level_03_Page_Object_02_Login" name="Login_05_Existing_Email_Incorrect_Password" time="0.0">
    <skipped/>
  </testcase> <!-- Login_05_Existing_Email_Incorrect_Password -->
  <testcase classname="com.nopcommerce.user.Level_03_Page_Object_02_Login" name="Login_06_Valid_Email_Password" time="0.0">
    <skipped/>
  </testcase> <!-- Login_06_Valid_Email_Password -->
  <testcase classname="com.nopcommerce.user.Level_06_Page_Generator_Manager_II" name="Login_01_Empty_Data" time="0.0">
    <skipped/>
  </testcase> <!-- Login_01_Empty_Data -->
  <testcase classname="com.nopcommerce.user.Level_06_Page_Generator_Manager_II" name="Login_02_Invalid_Email" time="0.0">
    <skipped/>
  </testcase> <!-- Login_02_Invalid_Email -->
  <testcase classname="com.nopcommerce.user.Level_06_Page_Generator_Manager_II" name="Login_03_Email_Not_Found" time="0.0">
    <skipped/>
  </testcase> <!-- Login_03_Email_Not_Found -->
  <testcase classname="com.nopcommerce.user.Level_06_Page_Generator_Manager_II" name="Login_04_Existing_Email_Empty_Password" time="0.0">
    <skipped/>
  </testcase> <!-- Login_04_Existing_Email_Empty_Password -->
  <testcase classname="com.nopcommerce.user.Level_06_Page_Generator_Manager_II" name="Login_05_Existing_Email_Incorrect_Password" time="0.0">
    <skipped/>
  </testcase> <!-- Login_05_Existing_Email_Incorrect_Password -->
  <testcase classname="com.nopcommerce.user.Level_06_Page_Generator_Manager_II" name="Login_06_Valid_Email_Password" time="0.0">
    <skipped/>
  </testcase> <!-- Login_06_Valid_Email_Password -->
  <testcase classname="com.saucelab.sort.Level_19_Sort_Asc_Desc" name="Sort_01_Name" time="0.0">
    <skipped/>
  </testcase> <!-- Sort_01_Name -->
  <testcase classname="com.saucelab.sort.Level_19_Sort_Asc_Desc" name="Sort_02_Price" time="0.0">
    <skipped/>
  </testcase> <!-- Sort_02_Price -->
  <testcase classname="com.nopcommerce.user.Level_15_ExtentV3_Screenshot" name="User_01_Register" time="0.0">
    <skipped/>
  </testcase> <!-- User_01_Register -->
  <testcase classname="com.nopcommerce.user.Level_15_ExtentV3_Screenshot" name="User_02_Login" time="0.0">
    <skipped/>
  </testcase> <!-- User_02_Login -->
  <testcase classname="com.wordpress.admin.Post_01_Create_Read_Update_Delete_Search" name="Post_01_Create_New_Post" time="0.0">
    <skipped/>
  </testcase> <!-- Post_01_Create_New_Post -->
  <testcase classname="com.wordpress.admin.Post_01_Create_Read_Update_Delete_Search" name="Post_02_Search_Post" time="0.0">
    <skipped/>
  </testcase> <!-- Post_02_Search_Post -->
  <testcase classname="com.wordpress.admin.Post_01_Create_Read_Update_Delete_Search" name="Post_03_Edit_Post" time="0.0">
    <skipped/>
  </testcase> <!-- Post_03_Edit_Post -->
  <testcase classname="com.wordpress.admin.Post_01_Create_Read_Update_Delete_Search" name="Post_04_Delete_Post" time="0.0">
    <skipped/>
  </testcase> <!-- Post_04_Delete_Post -->
  <testcase classname="com.nopcommerce.user.Level_06_Page_Generator_Manager_III" name="Login_01_Empty_Data" time="0.0">
    <skipped/>
  </testcase> <!-- Login_01_Empty_Data -->
  <testcase classname="com.nopcommerce.user.Level_06_Page_Generator_Manager_III" name="Login_02_Invalid_Email" time="0.0">
    <skipped/>
  </testcase> <!-- Login_02_Invalid_Email -->
  <testcase classname="com.nopcommerce.user.Level_06_Page_Generator_Manager_III" name="Login_03_Email_Not_Found" time="0.0">
    <skipped/>
  </testcase> <!-- Login_03_Email_Not_Found -->
  <testcase classname="com.nopcommerce.user.Level_06_Page_Generator_Manager_III" name="Login_04_Existing_Email_Empty_Password" time="0.0">
    <skipped/>
  </testcase> <!-- Login_04_Existing_Email_Empty_Password -->
  <testcase classname="com.nopcommerce.user.Level_06_Page_Generator_Manager_III" name="Login_05_Existing_Email_Incorrect_Password" time="0.0">
    <skipped/>
  </testcase> <!-- Login_05_Existing_Email_Incorrect_Password -->
  <testcase classname="com.nopcommerce.user.Level_06_Page_Generator_Manager_III" name="Login_06_Valid_Email_Password" time="0.0">
    <skipped/>
  </testcase> <!-- Login_06_Valid_Email_Password -->
  <testcase classname="com.nopcommerce.user.Level_07_Switch_Page" name="User_01_Register" time="0.0">
    <skipped/>
  </testcase> <!-- User_01_Register -->
  <testcase classname="com.nopcommerce.user.Level_07_Switch_Page" name="User_02_Login" time="0.0">
    <skipped/>
  </testcase> <!-- User_02_Login -->
  <testcase classname="com.nopcommerce.user.Level_07_Switch_Page" name="User_03_Customer_Infor" time="0.0">
    <skipped/>
  </testcase> <!-- User_03_Customer_Infor -->
  <testcase classname="com.nopcommerce.user.Level_07_Switch_Page" name="User_04_Switch_Page" time="0.0">
    <skipped/>
  </testcase> <!-- User_04_Switch_Page -->
  <testcase classname="com.nopcommerce.user.Level_07_Switch_Page" name="User_04_Switch_Role" time="0.0">
    <skipped/>
  </testcase> <!-- User_04_Switch_Role -->
  <testcase classname="com.nopcommerce.user.Level_16_Share_Data_C" name="Search_01_Empty_Data" time="0.0">
    <skipped/>
  </testcase> <!-- Search_01_Empty_Data -->
  <testcase classname="com.nopcommerce.user.Level_16_Share_Data_C" name="Search_02_Relative_Product_Name" time="0.0">
    <skipped/>
  </testcase> <!-- Search_02_Relative_Product_Name -->
  <testcase classname="com.nopcommerce.user.Level_16_Share_Data_C" name="Search_03_Absolute_Product_Name" time="0.0">
    <skipped/>
  </testcase> <!-- Search_03_Absolute_Product_Name -->
  <testcase classname="com.nopcommerce.user.Level_16_Share_Data_C" name="Search_04_Parent_Category" time="0.0">
    <skipped/>
  </testcase> <!-- Search_04_Parent_Category -->
  <testcase classname="com.nopcommerce.user.Level_16_Share_Data_C" name="Search_05_Incorrect_Manufactorer" time="0.0">
    <skipped/>
  </testcase> <!-- Search_05_Incorrect_Manufactorer -->
  <testcase classname="com.nopcommerce.user.Level_16_Share_Data_C" name="Search_06_Correct_Manufactorer" time="0.0">
    <skipped/>
  </testcase> <!-- Search_06_Correct_Manufactorer -->
  <testcase classname="com.jquery.datatable.Level_10_Datatable_DataGrid" name="Table_04_Enter_To_Textbox_At_Any_Row" time="0.0">
    <skipped/>
  </testcase> <!-- Table_04_Enter_To_Textbox_At_Any_Row -->
  <testcase classname="com.nopcommerce.user.Level_09_Dynamic_Locator" name="User_01_Register_Login" time="0.0">
    <skipped/>
  </testcase> <!-- User_01_Register_Login -->
  <testcase classname="com.nopcommerce.user.Level_09_Dynamic_Locator" name="User_03_Dynamic_Page_02" time="0.0">
    <skipped/>
  </testcase> <!-- User_03_Dynamic_Page_02 -->
  <testcase classname="com.nopcommerce.user.Level_04_Multiple_Browser" name="Register_01_Empty_Data" time="0.0">
    <skipped/>
  </testcase> <!-- Register_01_Empty_Data -->
  <testcase classname="com.nopcommerce.user.Level_04_Multiple_Browser" name="Register_02_Invalid_Email" time="0.0">
    <skipped/>
  </testcase> <!-- Register_02_Invalid_Email -->
  <testcase classname="com.nopcommerce.user.Level_04_Multiple_Browser" name="Register_03_Success" time="0.0">
    <skipped/>
  </testcase> <!-- Register_03_Success -->
  <testcase classname="com.nopcommerce.user.Level_04_Multiple_Browser" name="Register_04_Existing_Email" time="0.0">
    <skipped/>
  </testcase> <!-- Register_04_Existing_Email -->
  <testcase classname="com.nopcommerce.user.Level_04_Multiple_Browser" name="Register_05_Password_Less_Than_6_Chars" time="0.0">
    <skipped/>
  </testcase> <!-- Register_05_Password_Less_Than_6_Chars -->
  <testcase classname="com.nopcommerce.user.Level_04_Multiple_Browser" name="Register_06_Invalid_Confirm_Password" time="0.0">
    <skipped/>
  </testcase> <!-- Register_06_Invalid_Confirm_Password -->
  <testcase classname="com.nopcommerce.user.Level_14_Log_ReportNG" name="User_01_Register" time="0.0">
    <skipped/>
  </testcase> <!-- User_01_Register -->
  <testcase classname="com.nopcommerce.user.Level_14_Log_ReportNG" name="User_02_Login" time="0.0">
    <skipped/>
  </testcase> <!-- User_02_Login -->
  <testcase classname="com.nopcommerce.user.Level_15_ReportNG_Screenshot" name="User_01_Register" time="0.0">
    <skipped/>
  </testcase> <!-- User_01_Register -->
  <testcase classname="com.nopcommerce.user.Level_15_ReportNG_Screenshot" name="User_02_Login" time="0.0">
    <skipped/>
  </testcase> <!-- User_02_Login -->
  <testcase classname="com.nopcommerce.user.Level_17_Custom_Close_Driver" name="Search_01_Name" time="0.0">
    <skipped/>
  </testcase> <!-- Search_01_Name -->
  <testcase classname="com.nopcommerce.user.Level_17_Custom_Close_Driver" name="Search_02_Address" time="0.0">
    <skipped/>
  </testcase> <!-- Search_02_Address -->
  <testcase classname="com.nopcommerce.user.Level_02_Apply_BasePage_I" name="TC_01_Register_Empty_Data" time="0.0">
    <skipped/>
  </testcase> <!-- TC_01_Register_Empty_Data -->
  <testcase classname="com.nopcommerce.user.Level_02_Apply_BasePage_I" name="TC_02_Register_Invalid_Email" time="0.0">
    <skipped/>
  </testcase> <!-- TC_02_Register_Invalid_Email -->
  <testcase classname="com.nopcommerce.user.Level_02_Apply_BasePage_I" name="TC_03_Register_Success" time="0.0">
    <skipped/>
  </testcase> <!-- TC_03_Register_Success -->
  <testcase classname="com.nopcommerce.user.Level_02_Apply_BasePage_I" name="TC_04_Register_Existing_Email" time="0.0">
    <skipped/>
  </testcase> <!-- TC_04_Register_Existing_Email -->
  <testcase classname="com.nopcommerce.user.Level_02_Apply_BasePage_I" name="TC_05_Register_Password_Less_Than_6_Chars" time="0.0">
    <skipped/>
  </testcase> <!-- TC_05_Register_Password_Less_Than_6_Chars -->
  <testcase classname="com.jquery.datatable.Level_11_Upload_Files" name="Upload_01_One_File_Per_Time" time="0.0">
    <skipped/>
  </testcase> <!-- Upload_01_One_File_Per_Time -->
  <testcase classname="com.jquery.datatable.Level_11_Upload_Files" name="Upload_02_Multiple_File_Per_Time" time="0.0">
    <skipped/>
  </testcase> <!-- Upload_02_Multiple_File_Per_Time -->
  <testcase classname="com.nopcommerce.user.Level_15_Allure" name="User_01_Register" time="0.0">
    <skipped/>
  </testcase> <!-- User_01_Register -->
  <testcase classname="com.nopcommerce.user.Level_15_Allure" name="User_02_Login" time="0.0">
    <skipped/>
  </testcase> <!-- User_02_Login -->
  <testcase classname="com.nopcommerce.user.Level_15_ExtentV5_Screenshot" name="User_01_Register" time="0.0">
    <skipped/>
  </testcase> <!-- User_01_Register -->
  <testcase classname="com.nopcommerce.user.Level_15_ExtentV5_Screenshot" name="User_02_Login" time="0.0">
    <skipped/>
  </testcase> <!-- User_02_Login -->
  <testcase classname="com.nopcommerce.user.Level_02_Apply_BasePage_II" name="TC_01_Register_Empty_Data" time="0.0">
    <skipped/>
  </testcase> <!-- TC_01_Register_Empty_Data -->
  <testcase classname="com.nopcommerce.user.Level_02_Apply_BasePage_II" name="TC_02_Register_Invalid_Email" time="0.0">
    <skipped/>
  </testcase> <!-- TC_02_Register_Invalid_Email -->
  <testcase classname="com.nopcommerce.user.Level_02_Apply_BasePage_II" name="TC_03_Register_Success" time="0.0">
    <skipped/>
  </testcase> <!-- TC_03_Register_Success -->
  <testcase classname="com.nopcommerce.user.Level_02_Apply_BasePage_II" name="TC_04_Register_Existing_Email" time="0.0">
    <skipped/>
  </testcase> <!-- TC_04_Register_Existing_Email -->
  <testcase classname="com.nopcommerce.user.Level_02_Apply_BasePage_II" name="TC_05_Register_Password_Less_Than_6_Chars" time="0.0">
    <skipped/>
  </testcase> <!-- TC_05_Register_Password_Less_Than_6_Chars -->
  <testcase classname="com.nopcommerce.user.Level_02_Apply_BasePage_II" name="TC_06_Register_Invalid_Confirm_Password" time="0.0">
    <skipped/>
  </testcase> <!-- TC_06_Register_Invalid_Confirm_Password -->
  <testcase classname="com.nopcommerce.user.Level_20_Manage_Data_Part_I" name="User_01_Register" time="0.0">
    <skipped/>
  </testcase> <!-- User_01_Register -->
  <testcase classname="com.nopcommerce.user.Level_20_Manage_Data_Part_I" name="User_02_Login" time="0.0">
    <skipped/>
  </testcase> <!-- User_02_Login -->
  <testcase classname="com.nopcommerce.user.Level_20_Manage_Data_Part_I" name="User_03_My_Account" time="0.0">
    <skipped/>
  </testcase> <!-- User_03_My_Account -->
  <testcase classname="com.nopcommerce.user.Level_18_Pattern_Object" name="User_01_Register" time="0.0">
    <skipped/>
  </testcase> <!-- User_01_Register -->
  <testcase classname="com.nopcommerce.user.Level_18_Pattern_Object" name="User_02_Login" time="0.0">
    <skipped/>
  </testcase> <!-- User_02_Login -->
  <testcase classname="com.nopcommerce.user.Level_18_Pattern_Object" name="User_03_My_Account" time="0.0">
    <skipped/>
  </testcase> <!-- User_03_My_Account -->
  <testcase classname="com.nopcommerce.user.Level_03_Page_Object_01_Register" name="Register_01_Empty_Data" time="0.0">
    <skipped/>
  </testcase> <!-- Register_01_Empty_Data -->
  <testcase classname="com.nopcommerce.user.Level_03_Page_Object_01_Register" name="Register_02_Invalid_Email" time="0.0">
    <skipped/>
  </testcase> <!-- Register_02_Invalid_Email -->
  <testcase classname="com.nopcommerce.user.Level_03_Page_Object_01_Register" name="Register_03_Success" time="0.0">
    <skipped/>
  </testcase> <!-- Register_03_Success -->
  <testcase classname="com.nopcommerce.user.Level_03_Page_Object_01_Register" name="Register_04_Existing_Email" time="0.0">
    <skipped/>
  </testcase> <!-- Register_04_Existing_Email -->
  <testcase classname="com.nopcommerce.user.Level_03_Page_Object_01_Register" name="Register_05_Password_Less_Than_6_Chars" time="0.0">
    <skipped/>
  </testcase> <!-- Register_05_Password_Less_Than_6_Chars -->
  <testcase classname="com.nopcommerce.user.Level_03_Page_Object_01_Register" name="Register_06_Invalid_Confirm_Password" time="0.0">
    <skipped/>
  </testcase> <!-- Register_06_Invalid_Confirm_Password -->
  <testcase classname="com.nopcommerce.user.Level_15_ExtentV2_Screenshot" name="User_01_Register" time="0.0">
    <skipped/>
  </testcase> <!-- User_01_Register -->
  <testcase classname="com.nopcommerce.user.Level_15_ExtentV2_Screenshot" name="User_02_Login" time="0.0">
    <skipped/>
  </testcase> <!-- User_02_Login -->
  <testcase classname="com.nopcommerce.user.Level_16_Share_Data_B" name="Search_01_Empty_Data" time="0.0">
    <skipped/>
  </testcase> <!-- Search_01_Empty_Data -->
  <testcase classname="com.nopcommerce.user.Level_16_Share_Data_B" name="Search_02_Relative_Product_Name" time="0.0">
    <skipped/>
  </testcase> <!-- Search_02_Relative_Product_Name -->
  <testcase classname="com.nopcommerce.user.Level_16_Share_Data_B" name="Search_03_Absolute_Product_Name" time="0.0">
    <skipped/>
  </testcase> <!-- Search_03_Absolute_Product_Name -->
  <testcase classname="com.nopcommerce.user.Level_16_Share_Data_B" name="Search_04_Parent_Category" time="0.0">
    <skipped/>
  </testcase> <!-- Search_04_Parent_Category -->
  <testcase classname="com.nopcommerce.user.Level_16_Share_Data_B" name="Search_05_Incorrect_Manufactorer" time="0.0">
    <skipped/>
  </testcase> <!-- Search_05_Incorrect_Manufactorer -->
  <testcase classname="com.nopcommerce.user.Level_16_Share_Data_B" name="Search_06_Correct_Manufactorer" time="0.0">
    <skipped/>
  </testcase> <!-- Search_06_Correct_Manufactorer -->
  <testcase classname="com.nopcommerce.user.Level_06_Page_Generator_Manager_I" name="Login_01_Empty_Data" time="0.0">
    <skipped/>
  </testcase> <!-- Login_01_Empty_Data -->
  <testcase classname="com.nopcommerce.user.Level_06_Page_Generator_Manager_I" name="Login_02_Invalid_Email" time="0.0">
    <skipped/>
  </testcase> <!-- Login_02_Invalid_Email -->
  <testcase classname="com.nopcommerce.user.Level_06_Page_Generator_Manager_I" name="Login_03_Email_Not_Found" time="0.0">
    <skipped/>
  </testcase> <!-- Login_03_Email_Not_Found -->
  <testcase classname="com.nopcommerce.user.Level_06_Page_Generator_Manager_I" name="Login_04_Existing_Email_Empty_Password" time="0.0">
    <skipped/>
  </testcase> <!-- Login_04_Existing_Email_Empty_Password -->
  <testcase classname="com.nopcommerce.user.Level_06_Page_Generator_Manager_I" name="Login_05_Existing_Email_Incorrect_Password" time="0.0">
    <skipped/>
  </testcase> <!-- Login_05_Existing_Email_Incorrect_Password -->
  <testcase classname="com.nopcommerce.user.Level_06_Page_Generator_Manager_I" name="Login_06_Valid_Email_Password" time="0.0">
    <skipped/>
  </testcase> <!-- Login_06_Valid_Email_Password -->
  <testcase classname="com.nopcommerce.user.Level_20_Manage_Data_Part_III" name="User_01_Register" time="0.0">
    <skipped/>
  </testcase> <!-- User_01_Register -->
  <testcase classname="com.nopcommerce.user.Level_20_Manage_Data_Part_III" name="User_02_Login" time="0.0">
    <skipped/>
  </testcase> <!-- User_02_Login -->
  <testcase classname="com.nopcommerce.user.Level_20_Manage_Data_Part_III" name="User_03_My_Account" time="0.0">
    <skipped/>
  </testcase> <!-- User_03_My_Account -->
  <testcase classname="com.nopcommerce.user.Level_08_Switch_Role" name="Role_01_User_To_Admin" time="0.0">
    <skipped/>
  </testcase> <!-- Role_01_User_To_Admin -->
  <testcase classname="com.nopcommerce.user.Level_08_Switch_Role" name="Role_02_Admin_To_User" time="0.0">
    <skipped/>
  </testcase> <!-- Role_02_Admin_To_User -->
  <testcase classname="com.nopcommerce.user.Level_01_Register_DRY" name="TC_01_Register_Empty_Data" time="0.0">
    <skipped/>
  </testcase> <!-- TC_01_Register_Empty_Data -->
  <testcase classname="com.nopcommerce.user.Level_01_Register_DRY" name="TC_02_Register_Invalid_Email" time="0.0">
    <skipped/>
  </testcase> <!-- TC_02_Register_Invalid_Email -->
  <testcase classname="com.nopcommerce.user.Level_01_Register_DRY" name="TC_03_Register_Success" time="0.0">
    <skipped/>
  </testcase> <!-- TC_03_Register_Success -->
  <testcase classname="com.nopcommerce.user.Level_01_Register_DRY" name="TC_04_Register_Existing_Email" time="0.0">
    <skipped/>
  </testcase> <!-- TC_04_Register_Existing_Email -->
  <testcase classname="com.nopcommerce.user.Level_01_Register_DRY" name="TC_05_Register_Password_Less_Than_6_Chars" time="0.0">
    <skipped/>
  </testcase> <!-- TC_05_Register_Password_Less_Than_6_Chars -->
  <testcase classname="com.nopcommerce.user.Level_01_Register_DRY" name="TC_06_Register_Invalid_Confirm_Password" time="0.0">
    <skipped/>
  </testcase> <!-- TC_06_Register_Invalid_Confirm_Password -->
  <testcase classname="com.facebook.register.Level_13_Element_Undisplayed" name="TC_01_Verify_Element_Displayed" time="0.0">
    <skipped/>
  </testcase> <!-- TC_01_Verify_Element_Displayed -->
  <testcase classname="com.facebook.register.Level_13_Element_Undisplayed" name="TC_02_Verify_Element_Undisplayed_In_DOM" time="0.0">
    <skipped/>
  </testcase> <!-- TC_02_Verify_Element_Undisplayed_In_DOM -->
  <testcase classname="com.facebook.register.Level_13_Element_Undisplayed" name="TC_03_Verify_Element_Undisplayed_Not_In_DOM" time="0.0">
    <skipped/>
  </testcase> <!-- TC_03_Verify_Element_Undisplayed_Not_In_DOM -->
  <testcase classname="com.nopcommerce.user.Level_02_Apply_BasePage_III" name="TC_01_Register_Empty_Data" time="0.0">
    <skipped/>
  </testcase> <!-- TC_01_Register_Empty_Data -->
  <testcase classname="com.nopcommerce.user.Level_02_Apply_BasePage_III" name="TC_02_Register_Invalid_Email" time="0.0">
    <skipped/>
  </testcase> <!-- TC_02_Register_Invalid_Email -->
  <testcase classname="com.nopcommerce.user.Level_02_Apply_BasePage_III" name="TC_03_Register_Success" time="0.0">
    <skipped/>
  </testcase> <!-- TC_03_Register_Success -->
  <testcase classname="com.nopcommerce.user.Level_02_Apply_BasePage_III" name="TC_04_Register_Existing_Email" time="0.0">
    <skipped/>
  </testcase> <!-- TC_04_Register_Existing_Email -->
  <testcase classname="com.nopcommerce.user.Level_02_Apply_BasePage_III" name="TC_05_Register_Password_Less_Than_6_Chars" time="0.0">
    <skipped/>
  </testcase> <!-- TC_05_Register_Password_Less_Than_6_Chars -->
  <testcase classname="com.nopcommerce.user.Level_02_Apply_BasePage_III" name="TC_06_Register_Invalid_Confirm_Password" time="0.0">
    <skipped/>
  </testcase> <!-- TC_06_Register_Invalid_Confirm_Password -->
  <testcase classname="com.nopcommerce.user.Level_16_Share_Data_A" name="Search_01_Empty_Data" time="0.0">
    <skipped/>
  </testcase> <!-- Search_01_Empty_Data -->
  <testcase classname="com.nopcommerce.user.Level_16_Share_Data_A" name="Search_02_Relative_Product_Name" time="0.0">
    <skipped/>
  </testcase> <!-- Search_02_Relative_Product_Name -->
  <testcase classname="com.nopcommerce.user.Level_16_Share_Data_A" name="Search_03_Absolute_Product_Name" time="0.0">
    <skipped/>
  </testcase> <!-- Search_03_Absolute_Product_Name -->
  <testcase classname="com.nopcommerce.user.Level_16_Share_Data_A" name="Search_04_Parent_Category" time="0.0">
    <skipped/>
  </testcase> <!-- Search_04_Parent_Category -->
  <testcase classname="com.nopcommerce.user.Level_16_Share_Data_A" name="Search_05_Incorrect_Manufactorer" time="0.0">
    <skipped/>
  </testcase> <!-- Search_05_Incorrect_Manufactorer -->
  <testcase classname="com.nopcommerce.user.Level_16_Share_Data_A" name="Search_06_Correct_Manufactorer" time="0.0">
    <skipped/>
  </testcase> <!-- Search_06_Correct_Manufactorer -->
  <testcase classname="com.nopcommerce.user.Level_12_Assert_Verify" name="User_01_Register_Login" time="0.0">
    <skipped/>
  </testcase> <!-- User_01_Register_Login -->
  <testcase classname="commons.BaseTest" name="@BeforeSuite initBeforeSuite" time="0.0">
    <ignored/>
  </testcase> <!-- @BeforeSuite initBeforeSuite -->
  <testcase classname="commons.BaseTest" name="@BeforeSuite initBeforeSuite" time="0.0">
    <ignored/>
  </testcase> <!-- @BeforeSuite initBeforeSuite -->
  <testcase classname="commons.BaseTest" name="@BeforeSuite initBeforeSuite" time="0.0">
    <ignored/>
  </testcase> <!-- @BeforeSuite initBeforeSuite -->
  <testcase classname="commons.BaseTest" name="@BeforeSuite initBeforeSuite" time="0.0">
    <ignored/>
  </testcase> <!-- @BeforeSuite initBeforeSuite -->
  <testcase classname="commons.BaseTest" name="@BeforeSuite initBeforeSuite" time="0.0">
    <ignored/>
  </testcase> <!-- @BeforeSuite initBeforeSuite -->
  <testcase classname="commons.BaseTest" name="@BeforeSuite initBeforeSuite" time="0.0">
    <ignored/>
  </testcase> <!-- @BeforeSuite initBeforeSuite -->
  <testcase classname="commons.BaseTest" name="@BeforeSuite initBeforeSuite" time="0.0">
    <ignored/>
  </testcase> <!-- @BeforeSuite initBeforeSuite -->
  <testcase classname="commons.BaseTest" name="@BeforeSuite initBeforeSuite" time="0.0">
    <ignored/>
  </testcase> <!-- @BeforeSuite initBeforeSuite -->
  <testcase classname="commons.BaseTest" name="@BeforeSuite initBeforeSuite" time="0.0">
    <ignored/>
  </testcase> <!-- @BeforeSuite initBeforeSuite -->
  <testcase classname="commons.BaseTest" name="@BeforeSuite initBeforeSuite" time="0.0">
    <ignored/>
  </testcase> <!-- @BeforeSuite initBeforeSuite -->
  <testcase classname="commons.BaseTest" name="@BeforeSuite initBeforeSuite" time="0.0">
    <ignored/>
  </testcase> <!-- @BeforeSuite initBeforeSuite -->
  <testcase classname="commons.BaseTest" name="@BeforeSuite initBeforeSuite" time="0.0">
    <ignored/>
  </testcase> <!-- @BeforeSuite initBeforeSuite -->
  <testcase classname="commons.BaseTest" name="@BeforeSuite initBeforeSuite" time="0.0">
    <ignored/>
  </testcase> <!-- @BeforeSuite initBeforeSuite -->
  <testcase classname="commons.BaseTest" name="@BeforeSuite initBeforeSuite" time="0.0">
    <ignored/>
  </testcase> <!-- @BeforeSuite initBeforeSuite -->
  <testcase classname="commons.BaseTest" name="@BeforeSuite initBeforeSuite" time="0.0">
    <ignored/>
  </testcase> <!-- @BeforeSuite initBeforeSuite -->
  <testcase classname="commons.BaseTest" name="@BeforeSuite initBeforeSuite" time="0.0">
    <ignored/>
  </testcase> <!-- @BeforeSuite initBeforeSuite -->
  <testcase classname="commons.BaseTest" name="@BeforeSuite initBeforeSuite" time="0.0">
    <ignored/>
  </testcase> <!-- @BeforeSuite initBeforeSuite -->
  <testcase classname="commons.BaseTest" name="@BeforeSuite initBeforeSuite" time="0.0">
    <ignored/>
  </testcase> <!-- @BeforeSuite initBeforeSuite -->
  <testcase classname="commons.BaseTest" name="@BeforeSuite initBeforeSuite" time="0.0">
    <ignored/>
  </testcase> <!-- @BeforeSuite initBeforeSuite -->
  <testcase classname="commons.BaseTest" name="@BeforeSuite initBeforeSuite" time="0.0">
    <ignored/>
  </testcase> <!-- @BeforeSuite initBeforeSuite -->
  <testcase classname="commons.BaseTest" name="@BeforeSuite initBeforeSuite" time="0.0">
    <ignored/>
  </testcase> <!-- @BeforeSuite initBeforeSuite -->
  <testcase classname="commons.BaseTest" name="@BeforeSuite initBeforeSuite" time="0.0">
    <ignored/>
  </testcase> <!-- @BeforeSuite initBeforeSuite -->
  <testcase classname="commons.BaseTest" name="@BeforeSuite initBeforeSuite" time="0.0">
    <ignored/>
  </testcase> <!-- @BeforeSuite initBeforeSuite -->
  <testcase classname="commons.BaseTest" name="@BeforeSuite initBeforeSuite" time="0.0">
    <ignored/>
  </testcase> <!-- @BeforeSuite initBeforeSuite -->
  <testcase classname="commons.BaseTest" name="@BeforeSuite initBeforeSuite" time="0.0">
    <ignored/>
  </testcase> <!-- @BeforeSuite initBeforeSuite -->
  <testcase classname="commons.BaseTest" name="@BeforeSuite initBeforeSuite" time="0.0">
    <ignored/>
  </testcase> <!-- @BeforeSuite initBeforeSuite -->
  <testcase classname="commons.BaseTest" name="@BeforeSuite initBeforeSuite" time="0.0">
    <ignored/>
  </testcase> <!-- @BeforeSuite initBeforeSuite -->
  <testcase classname="commons.BaseTest" name="@BeforeSuite initBeforeSuite" time="0.0">
    <ignored/>
  </testcase> <!-- @BeforeSuite initBeforeSuite -->
  <testcase classname="commons.BaseTest" name="@BeforeSuite initBeforeSuite" time="0.0">
    <ignored/>
  </testcase> <!-- @BeforeSuite initBeforeSuite -->
</testsuite> <!-- Default test -->
